------------------------------------------------------------
/usr/bin/pip run on Sun Sep 22 17:29:58 2013
Using PyPI mirrors: http://g.pypi.python.org/simple/, http://b.pypi.python.org/simple/, http://e.pypi.python.org/simple/, http://d.pypi.python.org/simple/, http://f.pypi.python.org/simple/, http://c.pypi.python.org/simple/, http://a.pypi.python.org/simple/
Downloading/unpacking pyradio

  Running setup.py egg_info for package pyradio

    running egg_info
    writing pip-egg-info/pyradio.egg-info/PKG-INFO
    writing top-level names to pip-egg-info/pyradio.egg-info/top_level.txt
    writing dependency_links to pip-egg-info/pyradio.egg-info/dependency_links.txt
    writing entry points to pip-egg-info/pyradio.egg-info/entry_points.txt
    warning: manifest_maker: standard file '-c' not found
    

    reading manifest file 'pip-egg-info/pyradio.egg-info/SOURCES.txt'
    reading manifest template 'MANIFEST.in'
    warning: no previously-included files found matching '*.pyc'

    warning: no previously-included files found matching '*.orig'

    writing manifest file 'pip-egg-info/pyradio.egg-info/SOURCES.txt'
  Source in /tmp/pip-build-danny/pyradio has version 0.5.2, which satisfies requirement pyradio
Installing collected packages: pyradio

  Running setup.py install for pyradio

    Running command /usr/bin/python -c "import setuptools;__file__='/tmp/pip-build-danny/pyradio/setup.py';exec(compile(open(__file__).read().replace('\r\n', '\n'), __file__, 'exec'))" install --record /tmp/pip-3pH_fo-record/install-record.txt --single-version-externally-managed
    running install
    running build
    running build_py
    running egg_info
    writing pyradio.egg-info/PKG-INFO
    writing top-level names to pyradio.egg-info/top_level.txt
    writing dependency_links to pyradio.egg-info/dependency_links.txt
    writing entry points to pyradio.egg-info/entry_points.txt
    warning: manifest_maker: standard file '-c' not found
    

    reading manifest file 'pyradio.egg-info/SOURCES.txt'
    reading manifest template 'MANIFEST.in'
    warning: no previously-included files found matching '*.pyc'

    warning: no previously-included files found matching '*.orig'

    writing manifest file 'pyradio.egg-info/SOURCES.txt'
    running install_lib
    creating /usr/lib/python2.7/site-packages
    error: could not create '/usr/lib/python2.7/site-packages': Permission denied

    Complete output from command /usr/bin/python -c "import setuptools;__file__='/tmp/pip-build-danny/pyradio/setup.py';exec(compile(open(__file__).read().replace('\r\n', '\n'), __file__, 'exec'))" install --record /tmp/pip-3pH_fo-record/install-record.txt --single-version-externally-managed:

    running install

running build

running build_py

running egg_info

writing pyradio.egg-info/PKG-INFO

writing top-level names to pyradio.egg-info/top_level.txt

writing dependency_links to pyradio.egg-info/dependency_links.txt

writing entry points to pyradio.egg-info/entry_points.txt

warning: manifest_maker: standard file '-c' not found



reading manifest file 'pyradio.egg-info/SOURCES.txt'

reading manifest template 'MANIFEST.in'

warning: no previously-included files found matching '*.pyc'

warning: no previously-included files found matching '*.orig'

writing manifest file 'pyradio.egg-info/SOURCES.txt'

running install_lib

creating /usr/lib/python2.7/site-packages

error: could not create '/usr/lib/python2.7/site-packages': Permission denied

----------------------------------------

Command /usr/bin/python -c "import setuptools;__file__='/tmp/pip-build-danny/pyradio/setup.py';exec(compile(open(__file__).read().replace('\r\n', '\n'), __file__, 'exec'))" install --record /tmp/pip-3pH_fo-record/install-record.txt --single-version-externally-managed failed with error code 1 in /tmp/pip-build-danny/pyradio

Exception information:
Traceback (most recent call last):
  File "/usr/lib/python2.7/dist-packages/pip/basecommand.py", line 139, in main
    status = self.run(options, args)
  File "/usr/lib/python2.7/dist-packages/pip/commands/install.py", line 271, in run
    requirement_set.install(install_options, global_options, root=options.root_path)
  File "/usr/lib/python2.7/dist-packages/pip/req.py", line 1185, in install
    requirement.install(install_options, global_options, *args, **kwargs)
  File "/usr/lib/python2.7/dist-packages/pip/req.py", line 592, in install
    cwd=self.source_dir, filter_stdout=self._filter_install, show_stdout=False)
  File "/usr/lib/python2.7/dist-packages/pip/util.py", line 662, in call_subprocess
    % (command_desc, proc.returncode, cwd))
InstallationError: Command /usr/bin/python -c "import setuptools;__file__='/tmp/pip-build-danny/pyradio/setup.py';exec(compile(open(__file__).read().replace('\r\n', '\n'), __file__, 'exec'))" install --record /tmp/pip-3pH_fo-record/install-record.txt --single-version-externally-managed failed with error code 1 in /tmp/pip-build-danny/pyradio
